[2021-12-08 11:39:26.049] [jointLog] [info] setting maxHashResizeThreads to 8
[2021-12-08 11:39:26.049] [jointLog] [info] Fragment incompatibility prior below threshold.  Incompatible fragments will be ignored.
[2021-12-08 11:39:26.049] [jointLog] [info] Usage of --validateMappings implies use of minScoreFraction. Since not explicitly specified, it is being set to 0.65
[2021-12-08 11:39:26.049] [jointLog] [info] Setting consensusSlack to selective-alignment default of 0.35.
[2021-12-08 11:39:26.049] [jointLog] [info] parsing read library format
[2021-12-08 11:39:26.049] [jointLog] [info] There is 1 library.
[2021-12-08 11:39:26.090] [jointLog] [info] Loading pufferfish index
[2021-12-08 11:39:26.091] [jointLog] [info] Loading dense pufferfish index.
[2021-12-08 11:39:28.584] [jointLog] [info] done
[2021-12-08 11:39:28.584] [jointLog] [info] Index contained 140,838 targets
[2021-12-08 11:39:28.635] [jointLog] [info] Number of decoys : 49
[2021-12-08 11:39:28.635] [jointLog] [info] First decoy index : 140,750 
[2021-12-08 11:39:28.994] [jointLog] [info] Automatically detected most likely library type as SR

[2021-12-08 11:40:38.633] [jointLog] [info] Thread saw mini-batch with a maximum of 1.22% zero probability fragments
[2021-12-08 11:40:38.659] [jointLog] [info] Thread saw mini-batch with a maximum of 1.22% zero probability fragments
[2021-12-08 11:40:38.675] [jointLog] [info] Thread saw mini-batch with a maximum of 1.16% zero probability fragments
[2021-12-08 11:40:38.686] [jointLog] [info] Thread saw mini-batch with a maximum of 1.20% zero probability fragments
[2021-12-08 11:40:38.714] [jointLog] [info] Thread saw mini-batch with a maximum of 1.20% zero probability fragments
[2021-12-08 11:40:38.718] [jointLog] [info] Thread saw mini-batch with a maximum of 1.28% zero probability fragments
[2021-12-08 11:40:38.731] [jointLog] [info] Thread saw mini-batch with a maximum of 1.16% zero probability fragments
[2021-12-08 11:40:38.747] [jointLog] [info] Thread saw mini-batch with a maximum of 1.32% zero probability fragments
[2021-12-08 11:40:39.192] [fileLog] [info] 
At end of round 0
==================
Observed 24712165 total fragments (24712165 in most recent round)

[2021-12-08 11:40:39.191] [jointLog] [info] Computed 239,945 rich equivalence classes for further processing
[2021-12-08 11:40:39.191] [jointLog] [info] Counted 23,176,444 total reads in the equivalence classes 
[2021-12-08 11:40:39.221] [jointLog] [info] Number of mappings discarded because of alignment score : 6,473,554
[2021-12-08 11:40:39.221] [jointLog] [info] Number of fragments entirely discarded because of alignment score : 120,930
[2021-12-08 11:40:39.221] [jointLog] [info] Number of fragments discarded because they are best-mapped to decoys : 45,007
[2021-12-08 11:40:39.221] [jointLog] [info] Number of fragments discarded because they have only dovetail (discordant) mappings to valid targets : 0
[2021-12-08 11:40:39.221] [jointLog] [info] Mapping rate = 93.7856%

[2021-12-08 11:40:39.221] [jointLog] [info] finished quantifyLibrary()
[2021-12-08 11:40:39.224] [jointLog] [info] Starting optimizer
[2021-12-08 11:40:39.641] [jointLog] [info] Marked 0 weighted equivalence classes as degenerate
[2021-12-08 11:40:39.722] [jointLog] [info] iteration = 0 | max rel diff. = 8819.46
[2021-12-08 11:40:45.689] [jointLog] [info] iteration = 100 | max rel diff. = 20.2548
[2021-12-08 11:40:51.189] [jointLog] [info] iteration = 200 | max rel diff. = 8.97785
[2021-12-08 11:40:56.389] [jointLog] [info] iteration = 300 | max rel diff. = 2.1653
[2021-12-08 11:41:01.148] [jointLog] [info] iteration = 400 | max rel diff. = 6.40152
[2021-12-08 11:41:06.372] [jointLog] [info] iteration = 500 | max rel diff. = 1.39566
[2021-12-08 11:41:10.782] [jointLog] [info] iteration = 600 | max rel diff. = 0.118009
[2021-12-08 11:41:16.306] [jointLog] [info] iteration = 700 | max rel diff. = 0.691973
[2021-12-08 11:41:21.223] [jointLog] [info] iteration = 800 | max rel diff. = 4.20672
[2021-12-08 11:41:26.336] [jointLog] [info] iteration = 900 | max rel diff. = 0.788587
[2021-12-08 11:41:31.703] [jointLog] [info] iteration = 1,000 | max rel diff. = 0.134638
[2021-12-08 11:41:36.630] [jointLog] [info] iteration = 1,100 | max rel diff. = 0.0329276
[2021-12-08 11:41:41.451] [jointLog] [info] iteration = 1,200 | max rel diff. = 0.026831
[2021-12-08 11:41:46.080] [jointLog] [info] iteration = 1,300 | max rel diff. = 0.136231
[2021-12-08 11:41:51.493] [jointLog] [info] iteration = 1,400 | max rel diff. = 0.0549941
[2021-12-08 11:41:56.631] [jointLog] [info] iteration = 1,500 | max rel diff. = 0.11901
[2021-12-08 11:42:01.280] [jointLog] [info] iteration = 1,600 | max rel diff. = 0.033074
[2021-12-08 11:42:05.390] [jointLog] [info] iteration = 1,700 | max rel diff. = 0.0939036
[2021-12-08 11:42:09.566] [jointLog] [info] iteration = 1,800 | max rel diff. = 0.0336219
[2021-12-08 11:42:11.961] [jointLog] [info] iteration = 1,850 | max rel diff. = 0.00784105
[2021-12-08 11:42:11.999] [jointLog] [info] Finished optimizer
[2021-12-08 11:42:11.999] [jointLog] [info] writing output 

