[2021-12-08 11:54:30.301] [jointLog] [info] setting maxHashResizeThreads to 8
[2021-12-08 11:54:30.301] [jointLog] [info] Fragment incompatibility prior below threshold.  Incompatible fragments will be ignored.
[2021-12-08 11:54:30.301] [jointLog] [info] Usage of --validateMappings implies use of minScoreFraction. Since not explicitly specified, it is being set to 0.65
[2021-12-08 11:54:30.301] [jointLog] [info] Setting consensusSlack to selective-alignment default of 0.35.
[2021-12-08 11:54:30.301] [jointLog] [info] parsing read library format
[2021-12-08 11:54:30.301] [jointLog] [info] There is 1 library.
[2021-12-08 11:54:30.445] [jointLog] [info] Loading pufferfish index
[2021-12-08 11:54:30.446] [jointLog] [info] Loading dense pufferfish index.
[2021-12-08 11:54:33.368] [jointLog] [info] done
[2021-12-08 11:54:33.368] [jointLog] [info] Index contained 140,838 targets
[2021-12-08 11:54:33.443] [jointLog] [info] Number of decoys : 49
[2021-12-08 11:54:33.443] [jointLog] [info] First decoy index : 140,750 
[2021-12-08 11:54:33.812] [jointLog] [info] Automatically detected most likely library type as SR

[2021-12-08 11:55:15.883] [jointLog] [info] Thread saw mini-batch with a maximum of 0.92% zero probability fragments
[2021-12-08 11:55:15.889] [jointLog] [info] Thread saw mini-batch with a maximum of 0.92% zero probability fragments
[2021-12-08 11:55:15.904] [jointLog] [info] Thread saw mini-batch with a maximum of 0.86% zero probability fragments
[2021-12-08 11:55:15.908] [jointLog] [info] Thread saw mini-batch with a maximum of 0.92% zero probability fragments
[2021-12-08 11:55:15.908] [jointLog] [info] Thread saw mini-batch with a maximum of 0.96% zero probability fragments
[2021-12-08 11:55:15.913] [jointLog] [info] Thread saw mini-batch with a maximum of 0.88% zero probability fragments
[2021-12-08 11:55:15.913] [jointLog] [info] Thread saw mini-batch with a maximum of 0.94% zero probability fragments
[2021-12-08 11:55:15.932] [jointLog] [info] Thread saw mini-batch with a maximum of 0.92% zero probability fragments
[2021-12-08 11:55:16.161] [jointLog] [info] Computed 241,023 rich equivalence classes for further processing
[2021-12-08 11:55:16.161] [jointLog] [info] Counted 23,982,193 total reads in the equivalence classes 
[2021-12-08 11:55:16.170] [jointLog] [info] Number of mappings discarded because of alignment score : 6,427,574
[2021-12-08 11:55:16.170] [jointLog] [info] Number of fragments entirely discarded because of alignment score : 112,099
[2021-12-08 11:55:16.170] [jointLog] [info] Number of fragments discarded because they are best-mapped to decoys : 42,377
[2021-12-08 11:55:16.170] [jointLog] [info] Number of fragments discarded because they have only dovetail (discordant) mappings to valid targets : 0
[2021-12-08 11:55:16.170] [jointLog] [info] Mapping rate = 94.5968%

[2021-12-08 11:55:16.170] [jointLog] [info] finished quantifyLibrary()
[2021-12-08 11:55:16.222] [jointLog] [info] Starting optimizer
[2021-12-08 11:55:16.162] [fileLog] [info] 
At end of round 0
==================
Observed 25352017 total fragments (25352017 in most recent round)

[2021-12-08 11:55:16.432] [jointLog] [info] Marked 0 weighted equivalence classes as degenerate
[2021-12-08 11:55:16.470] [jointLog] [info] iteration = 0 | max rel diff. = 8857.03
[2021-12-08 11:55:19.550] [jointLog] [info] iteration = 100 | max rel diff. = 10.9449
[2021-12-08 11:55:22.089] [jointLog] [info] iteration = 200 | max rel diff. = 15.4327
[2021-12-08 11:55:24.617] [jointLog] [info] iteration = 300 | max rel diff. = 11.536
[2021-12-08 11:55:27.143] [jointLog] [info] iteration = 400 | max rel diff. = 5.32901
[2021-12-08 11:55:29.687] [jointLog] [info] iteration = 500 | max rel diff. = 4.6099
[2021-12-08 11:55:32.224] [jointLog] [info] iteration = 600 | max rel diff. = 9.10192
[2021-12-08 11:55:34.748] [jointLog] [info] iteration = 700 | max rel diff. = 0.239677
[2021-12-08 11:55:37.288] [jointLog] [info] iteration = 800 | max rel diff. = 0.956249
[2021-12-08 11:55:39.824] [jointLog] [info] iteration = 900 | max rel diff. = 0.455207
[2021-12-08 11:55:42.368] [jointLog] [info] iteration = 1,000 | max rel diff. = 0.169709
[2021-12-08 11:55:44.920] [jointLog] [info] iteration = 1,100 | max rel diff. = 0.0905029
[2021-12-08 11:55:47.471] [jointLog] [info] iteration = 1,200 | max rel diff. = 0.160057
[2021-12-08 11:55:50.012] [jointLog] [info] iteration = 1,300 | max rel diff. = 0.0671603
[2021-12-08 11:55:52.559] [jointLog] [info] iteration = 1,400 | max rel diff. = 4.44198
[2021-12-08 11:55:55.084] [jointLog] [info] iteration = 1,500 | max rel diff. = 0.185175
[2021-12-08 11:55:57.620] [jointLog] [info] iteration = 1,600 | max rel diff. = 0.0390041
[2021-12-08 11:56:00.149] [jointLog] [info] iteration = 1,700 | max rel diff. = 0.052395
[2021-12-08 11:56:02.710] [jointLog] [info] iteration = 1,800 | max rel diff. = 0.0386745
[2021-12-08 11:56:05.252] [jointLog] [info] iteration = 1,900 | max rel diff. = 0.142541
[2021-12-08 11:56:07.807] [jointLog] [info] iteration = 2,000 | max rel diff. = 0.0272902
[2021-12-08 11:56:10.364] [jointLog] [info] iteration = 2,100 | max rel diff. = 0.167002
[2021-12-08 11:56:10.543] [jointLog] [info] iteration = 2,108 | max rel diff. = 0.00841088
[2021-12-08 11:56:10.574] [jointLog] [info] Finished optimizer
[2021-12-08 11:56:10.574] [jointLog] [info] writing output 

