[2021-12-08 11:45:36.599] [jointLog] [info] setting maxHashResizeThreads to 8
[2021-12-08 11:45:36.599] [jointLog] [info] Fragment incompatibility prior below threshold.  Incompatible fragments will be ignored.
[2021-12-08 11:45:36.599] [jointLog] [info] Usage of --validateMappings implies use of minScoreFraction. Since not explicitly specified, it is being set to 0.65
[2021-12-08 11:45:36.599] [jointLog] [info] Setting consensusSlack to selective-alignment default of 0.35.
[2021-12-08 11:45:36.599] [jointLog] [info] parsing read library format
[2021-12-08 11:45:36.599] [jointLog] [info] There is 1 library.
[2021-12-08 11:45:36.736] [jointLog] [info] Loading pufferfish index
[2021-12-08 11:45:36.738] [jointLog] [info] Loading dense pufferfish index.
[2021-12-08 11:45:39.173] [jointLog] [info] done
[2021-12-08 11:45:39.173] [jointLog] [info] Index contained 140,838 targets
[2021-12-08 11:45:39.272] [jointLog] [info] Number of decoys : 49
[2021-12-08 11:45:39.272] [jointLog] [info] First decoy index : 140,750 
[2021-12-08 11:45:39.756] [jointLog] [info] Automatically detected most likely library type as SR

[2021-12-08 11:46:33.279] [jointLog] [info] Thread saw mini-batch with a maximum of 1.04% zero probability fragments
[2021-12-08 11:46:33.282] [jointLog] [info] Thread saw mini-batch with a maximum of 1.06% zero probability fragments
[2021-12-08 11:46:33.284] [jointLog] [info] Thread saw mini-batch with a maximum of 1.04% zero probability fragments
[2021-12-08 11:46:33.306] [jointLog] [info] Thread saw mini-batch with a maximum of 1.06% zero probability fragments
[2021-12-08 11:46:33.319] [jointLog] [info] Thread saw mini-batch with a maximum of 1.04% zero probability fragments
[2021-12-08 11:46:33.320] [jointLog] [info] Thread saw mini-batch with a maximum of 1.04% zero probability fragments
[2021-12-08 11:46:33.321] [jointLog] [info] Thread saw mini-batch with a maximum of 1.02% zero probability fragments
[2021-12-08 11:46:33.328] [jointLog] [info] Thread saw mini-batch with a maximum of 1.14% zero probability fragments
[2021-12-08 11:46:33.494] [jointLog] [info] Computed 244,973 rich equivalence classes for further processing
[2021-12-08 11:46:33.494] [jointLog] [info] Counted 29,077,017 total reads in the equivalence classes 
[2021-12-08 11:46:33.502] [jointLog] [info] Number of mappings discarded because of alignment score : 8,112,196
[2021-12-08 11:46:33.502] [jointLog] [info] Number of fragments entirely discarded because of alignment score : 149,416
[2021-12-08 11:46:33.502] [jointLog] [info] Number of fragments discarded because they are best-mapped to decoys : 62,920
[2021-12-08 11:46:33.502] [jointLog] [info] Number of fragments discarded because they have only dovetail (discordant) mappings to valid targets : 0
[2021-12-08 11:46:33.502] [jointLog] [info] Mapping rate = 94.0582%

[2021-12-08 11:46:33.502] [jointLog] [info] finished quantifyLibrary()
[2021-12-08 11:46:33.506] [jointLog] [info] Starting optimizer
[2021-12-08 11:46:33.651] [jointLog] [info] Marked 0 weighted equivalence classes as degenerate
[2021-12-08 11:46:33.678] [jointLog] [info] iteration = 0 | max rel diff. = 8623.53
[2021-12-08 11:46:33.495] [fileLog] [info] 
At end of round 0
==================
Observed 30913853 total fragments (30913853 in most recent round)

[2021-12-08 11:46:36.468] [jointLog] [info] iteration = 100 | max rel diff. = 16.4076
[2021-12-08 11:46:39.130] [jointLog] [info] iteration = 200 | max rel diff. = 5.44246
[2021-12-08 11:46:41.773] [jointLog] [info] iteration = 300 | max rel diff. = 4.23657
[2021-12-08 11:46:44.465] [jointLog] [info] iteration = 400 | max rel diff. = 4.2865
[2021-12-08 11:46:47.123] [jointLog] [info] iteration = 500 | max rel diff. = 0.56315
[2021-12-08 11:46:49.770] [jointLog] [info] iteration = 600 | max rel diff. = 2.778
[2021-12-08 11:46:52.442] [jointLog] [info] iteration = 700 | max rel diff. = 0.111969
[2021-12-08 11:46:55.275] [jointLog] [info] iteration = 800 | max rel diff. = 0.179952
[2021-12-08 11:46:57.974] [jointLog] [info] iteration = 900 | max rel diff. = 1.25656
[2021-12-08 11:47:00.730] [jointLog] [info] iteration = 1,000 | max rel diff. = 6.00989
[2021-12-08 11:47:03.348] [jointLog] [info] iteration = 1,100 | max rel diff. = 0.0594606
[2021-12-08 11:47:05.963] [jointLog] [info] iteration = 1,200 | max rel diff. = 1.00646
[2021-12-08 11:47:08.618] [jointLog] [info] iteration = 1,300 | max rel diff. = 0.7214
[2021-12-08 11:47:11.260] [jointLog] [info] iteration = 1,400 | max rel diff. = 0.0274619
[2021-12-08 11:47:13.897] [jointLog] [info] iteration = 1,500 | max rel diff. = 2.25087
[2021-12-08 11:47:16.636] [jointLog] [info] iteration = 1,600 | max rel diff. = 0.122594
[2021-12-08 11:47:19.347] [jointLog] [info] iteration = 1,700 | max rel diff. = 0.249909
[2021-12-08 11:47:22.065] [jointLog] [info] iteration = 1,800 | max rel diff. = 0.0342052
[2021-12-08 11:47:24.670] [jointLog] [info] iteration = 1,900 | max rel diff. = 0.908162
[2021-12-08 11:47:27.357] [jointLog] [info] iteration = 2,000 | max rel diff. = 0.0814419
[2021-12-08 11:47:30.085] [jointLog] [info] iteration = 2,100 | max rel diff. = 2.13479
[2021-12-08 11:47:32.528] [jointLog] [info] iteration = 2,190 | max rel diff. = 0.00467583
[2021-12-08 11:47:32.565] [jointLog] [info] Finished optimizer
[2021-12-08 11:47:32.565] [jointLog] [info] writing output 

