[2021-12-08 11:47:34.902] [jointLog] [info] setting maxHashResizeThreads to 8
[2021-12-08 11:47:34.902] [jointLog] [info] Fragment incompatibility prior below threshold.  Incompatible fragments will be ignored.
[2021-12-08 11:47:34.902] [jointLog] [info] Usage of --validateMappings implies use of minScoreFraction. Since not explicitly specified, it is being set to 0.65
[2021-12-08 11:47:34.902] [jointLog] [info] Setting consensusSlack to selective-alignment default of 0.35.
[2021-12-08 11:47:34.902] [jointLog] [info] parsing read library format
[2021-12-08 11:47:34.902] [jointLog] [info] There is 1 library.
[2021-12-08 11:47:35.021] [jointLog] [info] Loading pufferfish index
[2021-12-08 11:47:35.022] [jointLog] [info] Loading dense pufferfish index.
[2021-12-08 11:47:37.875] [jointLog] [info] done
[2021-12-08 11:47:37.875] [jointLog] [info] Index contained 140,838 targets
[2021-12-08 11:47:37.929] [jointLog] [info] Number of decoys : 49
[2021-12-08 11:47:37.929] [jointLog] [info] First decoy index : 140,750 
[2021-12-08 11:47:38.292] [jointLog] [info] Automatically detected most likely library type as SR

[2021-12-08 11:48:27.069] [jointLog] [info] Thread saw mini-batch with a maximum of 1.16% zero probability fragments
[2021-12-08 11:48:27.091] [jointLog] [info] Thread saw mini-batch with a maximum of 1.16% zero probability fragments
[2021-12-08 11:48:27.092] [jointLog] [info] Thread saw mini-batch with a maximum of 1.12% zero probability fragments
[2021-12-08 11:48:27.101] [jointLog] [info] Thread saw mini-batch with a maximum of 1.16% zero probability fragments
[2021-12-08 11:48:27.105] [jointLog] [info] Thread saw mini-batch with a maximum of 1.22% zero probability fragments
[2021-12-08 11:48:27.109] [jointLog] [info] Thread saw mini-batch with a maximum of 1.28% zero probability fragments
[2021-12-08 11:48:27.112] [jointLog] [info] Thread saw mini-batch with a maximum of 1.16% zero probability fragments
[2021-12-08 11:48:27.130] [jointLog] [info] Thread saw mini-batch with a maximum of 1.12% zero probability fragments
[2021-12-08 11:48:27.345] [jointLog] [info] Computed 242,097 rich equivalence classes for further processing
[2021-12-08 11:48:27.345] [jointLog] [info] Counted 27,095,945 total reads in the equivalence classes 
[2021-12-08 11:48:27.355] [jointLog] [info] Number of mappings discarded because of alignment score : 7,480,467
[2021-12-08 11:48:27.355] [jointLog] [info] Number of fragments entirely discarded because of alignment score : 135,128
[2021-12-08 11:48:27.355] [jointLog] [info] Number of fragments discarded because they are best-mapped to decoys : 55,575
[2021-12-08 11:48:27.355] [jointLog] [info] Number of fragments discarded because they have only dovetail (discordant) mappings to valid targets : 0
[2021-12-08 11:48:27.355] [jointLog] [info] Mapping rate = 94.2003%

[2021-12-08 11:48:27.355] [jointLog] [info] finished quantifyLibrary()
[2021-12-08 11:48:27.359] [jointLog] [info] Starting optimizer
[2021-12-08 11:48:27.549] [jointLog] [info] Marked 0 weighted equivalence classes as degenerate
[2021-12-08 11:48:27.586] [jointLog] [info] iteration = 0 | max rel diff. = 8800.34
[2021-12-08 11:48:27.347] [fileLog] [info] 
At end of round 0
==================
Observed 28764181 total fragments (28764181 in most recent round)

[2021-12-08 11:48:30.728] [jointLog] [info] iteration = 100 | max rel diff. = 19.5383
[2021-12-08 11:48:33.475] [jointLog] [info] iteration = 200 | max rel diff. = 9.88847
[2021-12-08 11:48:36.189] [jointLog] [info] iteration = 300 | max rel diff. = 1.75268
[2021-12-08 11:48:38.824] [jointLog] [info] iteration = 400 | max rel diff. = 7.43877
[2021-12-08 11:48:41.536] [jointLog] [info] iteration = 500 | max rel diff. = 12.2698
[2021-12-08 11:48:44.166] [jointLog] [info] iteration = 600 | max rel diff. = 9.31243
[2021-12-08 11:48:46.858] [jointLog] [info] iteration = 700 | max rel diff. = 0.636582
[2021-12-08 11:48:49.591] [jointLog] [info] iteration = 800 | max rel diff. = 0.259711
[2021-12-08 11:48:52.334] [jointLog] [info] iteration = 900 | max rel diff. = 0.154223
[2021-12-08 11:48:54.994] [jointLog] [info] iteration = 1,000 | max rel diff. = 0.591151
[2021-12-08 11:48:57.689] [jointLog] [info] iteration = 1,100 | max rel diff. = 0.756045
[2021-12-08 11:49:00.462] [jointLog] [info] iteration = 1,200 | max rel diff. = 0.162525
[2021-12-08 11:49:03.203] [jointLog] [info] iteration = 1,300 | max rel diff. = 0.634579
[2021-12-08 11:49:05.973] [jointLog] [info] iteration = 1,400 | max rel diff. = 0.022196
[2021-12-08 11:49:08.601] [jointLog] [info] iteration = 1,500 | max rel diff. = 0.0316433
[2021-12-08 11:49:11.253] [jointLog] [info] iteration = 1,600 | max rel diff. = 0.0326578
[2021-12-08 11:49:13.882] [jointLog] [info] iteration = 1,700 | max rel diff. = 0.0194969
[2021-12-08 11:49:16.636] [jointLog] [info] iteration = 1,800 | max rel diff. = 0.0405697
[2021-12-08 11:49:18.176] [jointLog] [info] iteration = 1,858 | max rel diff. = 0.00989063
[2021-12-08 11:49:18.212] [jointLog] [info] Finished optimizer
[2021-12-08 11:49:18.212] [jointLog] [info] writing output 

